TN:
SF:middlewares\responseHandler.js
FN:2,(anonymous_0)
FN:12,(anonymous_1)
FNF:2
FNH:2
FNDA:9,(anonymous_0)
FNDA:6,(anonymous_1)
DA:3,9
DA:13,6
DA:23,1
LF:3
LH:3
BRDA:2,0,0,0
BRDA:2,1,0,0
BRDA:2,2,0,0
BRDA:2,3,0,0
BRDA:12,4,0,0
BRDA:12,5,0,0
BRDA:12,6,0,0
BRDA:12,7,0,0
BRF:8
BRH:0
end_of_record
TN:
SF:models\productCategories.js
FNF:0
FNH:0
DA:1,1
DA:3,1
DA:26,1
DA:31,1
LF:4
LH:4
BRF:0
BRH:0
end_of_record
TN:
SF:models\products.js
FNF:0
FNH:0
DA:2,1
DA:4,1
DA:33,1
DA:35,1
LF:4
LH:4
BRF:0
BRH:0
end_of_record
TN:
SF:routes\admin\products.js
FN:12,(anonymous_0)
FN:23,(anonymous_1)
FN:153,(anonymous_2)
FN:166,(anonymous_3)
FN:181,(anonymous_4)
FN:186,(anonymous_5)
FN:191,(anonymous_6)
FN:206,(anonymous_7)
FN:215,(anonymous_8)
FN:227,(anonymous_9)
FN:253,(anonymous_10)
FN:266,(anonymous_11)
FN:279,(anonymous_12)
FN:292,(anonymous_13)
FN:308,(anonymous_14)
FN:310,(anonymous_15)
FNF:16
FNH:16
FNDA:2,(anonymous_0)
FNDA:2,(anonymous_1)
FNDA:1,(anonymous_2)
FNDA:2,(anonymous_3)
FNDA:1,(anonymous_4)
FNDA:1,(anonymous_5)
FNDA:2,(anonymous_6)
FNDA:2,(anonymous_7)
FNDA:2,(anonymous_8)
FNDA:1,(anonymous_9)
FNDA:2,(anonymous_10)
FNDA:2,(anonymous_11)
FNDA:2,(anonymous_12)
FNDA:3,(anonymous_13)
FNDA:2,(anonymous_14)
FNDA:3,(anonymous_15)
DA:1,1
DA:2,1
DA:3,1
DA:4,1
DA:5,1
DA:6,1
DA:9,1
DA:12,1
DA:13,2
DA:14,2
DA:15,1
DA:17,1
DA:23,1
DA:24,2
DA:25,2
DA:26,2
DA:27,2
DA:28,2
DA:31,2
DA:34,2
DA:36,2
DA:37,1
DA:40,2
DA:41,0
DA:42,0
DA:48,2
DA:49,1
DA:53,2
DA:54,1
DA:55,1
DA:56,1
DA:58,1
DA:59,1
DA:68,2
DA:83,2
DA:93,2
DA:101,2
DA:102,0
DA:103,2
DA:104,0
DA:107,2
DA:111,2
DA:112,2
DA:113,2
DA:114,2
DA:117,2
DA:118,2
DA:121,2
DA:135,2
DA:137,2
DA:146,0
DA:147,0
DA:153,1
DA:154,1
DA:155,1
DA:156,1
DA:158,1
DA:159,0
DA:162,1
DA:163,0
DA:166,2
DA:167,1
DA:168,1
DA:170,1
DA:177,0
DA:181,1
DA:182,1
DA:183,1
DA:186,1
DA:187,1
DA:188,0
DA:191,2
DA:192,1
DA:199,1
DA:201,0
DA:206,1
DA:207,2
DA:208,2
DA:209,2
DA:211,2
DA:212,1
DA:215,2
DA:217,1
DA:219,0
DA:220,0
DA:227,1
DA:228,1
DA:229,1
DA:230,1
DA:232,1
DA:244,1
DA:245,1
DA:247,0
DA:248,0
DA:253,1
DA:254,2
DA:255,2
DA:256,2
DA:257,1
DA:259,1
DA:261,0
DA:266,1
DA:267,2
DA:268,2
DA:269,2
DA:270,1
DA:272,1
DA:274,0
DA:279,1
DA:280,2
DA:281,2
DA:282,2
DA:283,1
DA:285,1
DA:287,0
DA:292,1
DA:293,3
DA:294,3
DA:295,3
DA:298,3
DA:299,3
DA:300,1
DA:304,2
DA:305,1
DA:308,1
DA:310,2
DA:311,3
DA:314,2
DA:315,2
DA:316,2
DA:321,1
DA:322,1
DA:324,1
DA:326,0
DA:327,0
DA:330,1
LF:136
LH:116
BRDA:25,0,0,2
BRDA:25,1,0,2
BRDA:36,2,0,1
BRDA:36,2,1,1
BRDA:40,3,0,0
BRDA:40,3,1,2
BRDA:48,4,0,1
BRDA:48,4,1,1
BRDA:53,5,0,1
BRDA:53,5,1,1
BRDA:53,6,0,2
BRDA:53,6,1,1
BRDA:55,7,0,1
BRDA:55,7,1,0
BRDA:56,8,0,1
BRDA:56,8,1,0
BRDA:58,9,0,1
BRDA:58,9,1,0
BRDA:101,10,0,0
BRDA:101,10,1,2
BRDA:103,11,0,0
BRDA:103,11,1,2
BRDA:114,12,0,2
BRDA:114,12,1,0
BRDA:158,13,0,0
BRDA:158,13,1,1
BRDA:162,14,0,0
BRDA:162,14,1,1
BRDA:162,15,0,1
BRDA:162,15,1,1
BRDA:187,16,0,0
BRDA:187,16,1,1
BRDA:187,17,0,1
BRDA:187,17,1,1
BRDA:211,18,0,1
BRDA:211,18,1,1
BRDA:215,19,0,2
BRDA:215,19,1,0
BRDA:256,20,0,1
BRDA:256,20,1,1
BRDA:269,21,0,1
BRDA:269,21,1,1
BRDA:282,22,0,1
BRDA:282,22,1,1
BRDA:299,23,0,1
BRDA:299,23,1,2
BRDA:304,24,0,1
BRDA:304,24,1,1
BRDA:304,25,0,2
BRDA:304,25,1,2
BRDA:311,26,0,3
BRDA:311,26,1,3
BRDA:311,26,2,3
BRDA:314,27,0,2
BRDA:314,27,1,0
BRDA:316,28,0,2
BRDA:316,28,1,0
BRF:57
BRH:44
end_of_record
TN:
SF:test\mockdata.js
FNF:0
FNH:0
DA:1,1
DA:3,1
DA:34,1
DA:40,1
LF:4
LH:4
BRF:0
BRH:0
end_of_record
TN:
SF:utils\customResponse.js
FN:3,(anonymous_0)
FN:4,(anonymous_1)
FN:8,(anonymous_2)
FNF:3
FNH:3
FNDA:18,(anonymous_0)
FNDA:9,(anonymous_1)
FNDA:6,(anonymous_2)
DA:1,1
DA:3,1
DA:4,18
DA:5,9
DA:8,18
DA:9,6
DA:12,18
DA:15,1
LF:8
LH:8
BRDA:4,0,0,0
BRDA:4,1,0,0
BRDA:4,2,0,7
BRDA:4,3,0,7
BRDA:8,4,0,0
BRDA:8,5,0,0
BRDA:8,6,0,5
BRDA:8,7,0,5
BRF:8
BRH:4
end_of_record
